2024-12-26 23:44:29 - Attempting to send email to: shahd.ramzy123@gmail.com with subject: using proxy
2024-12-26 23:44:31 - Email successfully sent to: shahd.ramzy123@gmail.com
2024-12-26 23:50:55 - Attempting to send email to: shahd.ramzy123@gmail.com with subject: kk
2024-12-26 23:50:57 - Email successfully sent to: shahd.ramzy123@gmail.com
2024-12-26 23:54:29 - Attempting to send email to:  with subject: 
2024-12-26 23:54:29 - Failed to send email to: 
2024-12-26 23:54:48 - Attempting to send email to: shahd.ramzy123@gmail.com with subject: using proxy
2024-12-26 23:54:49 - Email successfully sent to: shahd.ramzy123@gmail.com
2024-12-27 00:12:16 - Attempting to send email to: shahd.ramzy123@gmail.com with subject: update
2024-12-27 00:12:17 - Email successfully sent to: shahd.ramzy123@gmail.com
2024-12-27 00:15:26 - Attempting to send email to: shahd.ramzy123@gmail.com with subject: update
2024-12-27 00:15:28 - Email successfully sent to: shahd.ramzy123@gmail.com
2024-12-27 00:46:24 - Attempting to send email to: shahd.ramzy123@gmail.com with subject: update
2024-12-27 00:46:26 - Email successfully sent to: shahd.ramzy123@gmail.com
2024-12-28 23:12:04 - Attempting to send email to: shahd.ramzy123@gmail.com with subject: update
2024-12-28 23:12:06 - Email successfully sent to: shahd.ramzy123@gmail.com
2024-12-28 23:22:59 - Attempting to send email to: shahd.ramzy123@gmail.com with subject: update
2024-12-28 23:23:00 - Email successfully sent to: shahd.ramzy123@gmail.com
2024-12-30 20:18:45 - Attempting to send email to: shahd.ramzy123@gmail.com with subject: update
2024-12-30 20:18:48 - Email successfully sent to: shahd.ramzy123@gmail.com
2024-12-30 20:20:08 - Attempting to send email to: shahd.ramzy123@gmail.com with subject: hmm
2024-12-30 20:20:10 - Email successfully sent to: shahd.ramzy123@gmail.com
2024-12-30 20:49:39 - Attempting to send email to: shahd.ramzy123@gmail.com with subject: yarab
2024-12-30 20:49:41 - Email successfully sent to: shahd.ramzy123@gmail.com
2025-01-17 17:50:39 - Attempting to send email to: shahd.ramzy123@gmail.com with subject: update
2025-01-17 17:50:41 - Email successfully sent to: shahd.ramzy123@gmail.com
2025-01-17 17:59:51 - Attempting to send email to: shahd.ramzy123@gmail.com with subject: update
2025-01-17 17:59:53 - Email successfully sent to: shahd.ramzy123@gmail.com
2025-01-17 18:16:19 - Attempting to send email to: shahd.ramzy123@gmail.com with subject: update
2025-01-17 18:16:21 - Email successfully sent to: shahd.ramzy123@gmail.com
2025-01-17 20:40:09 - Attempting to send email to: shahd.ramzy123@gmail.com with subject: update
2025-01-17 20:40:11 - Email successfully sent to: shahd.ramzy123@gmail.com
2025-01-17 21:51:14 - Attempting to send email to: farahzayed5@gmail.com with subject: try
2025-01-17 22:15:20 - Attempting to send email to: farahzayed5@gmail.com with subject: try
2025-01-17 22:23:12 - Attempting to send email to: farahzayed5@gmail.com with subject: try
2025-01-17 22:23:14 - Email successfully sent to: farahzayed5@gmail.com
